Arguments: 
  /snap/node/5856/bin/node /snap/node/5856/bin/yarn.js config get nodeLinker

PATH: 
  /usr/local/sbin:/usr/local/bin:/usr/sbin:/usr/bin:/sbin:/bin:/usr/games:/usr/local/games:/snap/bin

Yarn version: 
  1.22.17

Node version: 
  14.19.0

Platform: 
  linux x64

Trace: 
  SyntaxError: /home/myles/Documents/guess-the-movie/package.json: Unexpected token < in JSON at position 467
      at JSON.parse (<anonymous>)
      at /snap/node/5856/lib/cli.js:1625:59
      at Generator.next (<anonymous>)
      at step (/snap/node/5856/lib/cli.js:310:30)
      at /snap/node/5856/lib/cli.js:321:13

npm manifest: 
  {
    "main": "node_modules/expo/AppEntry.js",
    "homepage": "https://luceroweb.github.io/guess-the-movie",
    "scripts": {
      "start": "expo start",
      "android": "expo start --android",
      "ios": "expo start --ios",
      "web": "expo start --web",
      "eject": "expo eject",
      "deploy": "gh-pages -d web-build",
      "predeploy": "expo build:web"
    },
    "dependencies": {
      "@expo-google-fonts/limelight": "^0.2.2",
      "axios": "^0.25.0",
      "expo": "~44.0.0",
  <<<<<<< HEAD
  =======
      "expo-app-loading": "~1.3.0",
  >>>>>>> a1c12b7328d8b3b6abf8e9c4040e836eb79b0c04
      "expo-font": "~10.0.4",
      "expo-status-bar": "~1.2.0",
      "gh-pages": "^3.2.3",
      "react": "17.0.1",
      "react-dom": "17.0.1",
      "react-native": "0.64.3",
      "react-native-confetti-cannon": "^1.5.2",
      "react-native-web": "0.17.1",
      "react-native-web-webview": "^1.0.2",
      "react-native-webview": "^11.17.1",
      "react-native-youtube-iframe": "^2.2.2",
      "react-redux": "^7.2.6",
      "redux": "^4.1.2"
    },
    "devDependencies": {
      "@babel/core": "^7.12.9"
    },
    "private": true
  }

yarn manifest: 
  No manifest

Lockfile: 
  No lockfile
